<?xml version="1.0" encoding="UTF-8"?>
<!-- Generated by org.testng.reporters.JUnitReportReporter -->
<testsuite hostname="WS-qWDrw93ngZ1X" failures="0" tests="1" name="com.page.object.tests.homePage" time="20.443" errors="0" timestamp="2023-08-21T15:10:16 EDT" skipped="0">
  <testcase classname="com.page.object.tests.homePage" name="homePage" time="20.443"/>
  <system-out/>
</testsuite> <!-- com.page.object.tests.homePage -->
